<?xml version="1.0" encoding="UTF-8"?>
<testsuite xmlns:xsi="http://www.w3.org/2001/XMLSchema-instance" xsi:noNamespaceSchemaLocation="https://maven.apache.org/surefire/maven-surefire-plugin/xsd/surefire-test-report-3.0.xsd" version="3.0" name="com.example.deployementtest.DeployementTestApplicationTests" time="5.406" tests="1" errors="0" skipped="0" failures="0">
  <properties>
[...]
</properties>
  <testcase name="contextLoads" classname="com.example.deployementtest.DeployementTestApplicationTests" time="1.389">
    <system-out><![CDATA[15:55:19.926 [main] INFO org.springframework.test.context.support.AnnotationConfigContextLoaderUtils -- Could not detect default configuration classes for test class [com.example.deployementtest.DeployementTestApplicationTests]: DeployementTestApplicationTests does not declare any static, non-private, non-final, nested classes annotated with @Configuration.
15:55:20.155 [main] INFO org.springframework.boot.test.context.SpringBootTestContextBootstrapper -- Found @SpringBootConfiguration com.example.deployementtest.DeployementTestApplication for test class com.example.deployementtest.DeployementTestApplicationTests

  .   ____          _            __ _ _
 /\\ / ___'_ __ _ _(_)_ __  __ _ \ \ \ \
( ( )\___ | '_ | '_| | '_ \/ _` | \ \ \ \
 \\/  ___)| |_)| | | | | || (_| |  ) ) ) )
  '  |____| .__|_| |_|_| |_\__, | / / / /
 =========|_|==============|___/=/_/_/_/
 :: Spring Boot ::                (v3.1.2)

2023-08-07T15:55:21.072+01:00  INFO 6820 --- [           main] c.e.d.DeployementTestApplicationTests    : Starting DeployementTestApplicationTests using Java 19.0.1 with PID 6820 (started by lyes in E:\cours java\intellij idea workspace\deployement-test)
2023-08-07T15:55:21.075+01:00  INFO 6820 --- [           main] c.e.d.DeployementTestApplicationTests    : No active profile set, falling back to 1 default profile: "default"
2023-08-07T15:55:23.559+01:00  INFO 6820 --- [           main] c.e.d.DeployementTestApplicationTests    : Started DeployementTestApplicationTests in 3.136 seconds (process running for 5.618)
]]></system-out>
  </testcase>
</testsuite>